{
  "RSpec": {
    "coverage": {
      "/Users/laurenbillington/turing/3module/projects/rails_engine/app/models/customer.rb": [
        1,
        1,
        1,
        1,
        1,
        1,
        null,
        null,
        1,
        null,
        null,
        null,
        null,
        null,
        null,
        null,
        null,
        0,
        null,
        null,
        null
      ],
      "/Users/laurenbillington/turing/3module/projects/rails_engine/app/models/application_record.rb": [
        1,
        1,
        null
      ],
      "/Users/laurenbillington/turing/3module/projects/rails_engine/app/models/invoice_item.rb": [
        1,
        1,
        null,
        1,
        1,
        1,
        1,
        1,
        null,
        null,
        null
      ],
      "/Users/laurenbillington/turing/3module/projects/rails_engine/app/models/invoice.rb": [
        1,
        1,
        null,
        1,
        1,
        1,
        1,
        1,
        null,
        null
      ],
      "/Users/laurenbillington/turing/3module/projects/rails_engine/app/models/item.rb": [
        1,
        1,
        168,
        null,
        1,
        1,
        1,
        1,
        1,
        null,
        1,
        null,
        null,
        null,
        null,
        null,
        1,
        null,
        null,
        1,
        null,
        null,
        null,
        null,
        null,
        1,
        null,
        null,
        1,
        null,
        null,
        null,
        null,
        null,
        null,
        1,
        null,
        null,
        null,
        null,
        null
      ],
      "/Users/laurenbillington/turing/3module/projects/rails_engine/app/models/merchant.rb": [
        1,
        1,
        357,
        null,
        1,
        1,
        1,
        null,
        1,
        1,
        null,
        1,
        null,
        null,
        null,
        null,
        null,
        1,
        null,
        null,
        1,
        null,
        null,
        null,
        null,
        null,
        null,
        null,
        0,
        null,
        null,
        1,
        null,
        null,
        null,
        1,
        null,
        null,
        1,
        null,
        null,
        null,
        null,
        0,
        null,
        null,
        1,
        null,
        null,
        null,
        null,
        null,
        null,
        0,
        null,
        null,
        1,
        null,
        null,
        null,
        null,
        null,
        null,
        0,
        null,
        null,
        1,
        0,
        null,
        null,
        null,
        null,
        null,
        null,
        null,
        null,
        null,
        null,
        null,
        null,
        null,
        null,
        null
      ],
      "/Users/laurenbillington/turing/3module/projects/rails_engine/app/models/transaction.rb": [
        1,
        1,
        null,
        null,
        null,
        62,
        null,
        null,
        null,
        null,
        null,
        4,
        1,
        null,
        null,
        null,
        null,
        null,
        null,
        1,
        1,
        1,
        1,
        null
      ],
      "/Users/laurenbillington/turing/3module/projects/rails_engine/app/controllers/api/v1/items/best_day_controller.rb": [
        1,
        null,
        1,
        1,
        null,
        null,
        null
      ],
      "/Users/laurenbillington/turing/3module/projects/rails_engine/app/controllers/application_controller.rb": [
        1,
        null
      ],
      "/Users/laurenbillington/turing/3module/projects/rails_engine/app/serializers/best_day_serializer.rb": [
        1,
        null,
        1,
        null,
        1,
        null,
        1,
        null,
        null,
        null,
        null,
        null
      ],
      "/Users/laurenbillington/turing/3module/projects/rails_engine/app/controllers/api/v1/items/most_items_controller.rb": [
        1,
        null,
        1,
        1,
        1,
        null,
        null,
        null,
        null,
        null
      ],
      "/Users/laurenbillington/turing/3module/projects/rails_engine/app/serializers/item_serializer.rb": [
        1,
        1,
        null,
        null,
        null,
        null,
        1,
        25,
        null,
        null,
        1,
        25,
        null,
        null,
        null
      ],
      "/Users/laurenbillington/turing/3module/projects/rails_engine/app/controllers/api/v1/items/most_revenue_controller.rb": [
        1,
        null,
        1,
        1,
        1,
        null,
        null,
        null
      ],
      "/Users/laurenbillington/turing/3module/projects/rails_engine/app/controllers/api/v1/merchants/total_revenue_controller.rb": [
        1,
        null,
        1,
        1,
        0,
        0,
        null,
        1,
        null,
        null,
        null,
        null
      ],
      "/Users/laurenbillington/turing/3module/projects/rails_engine/app/serializers/revenue_serializer.rb": [
        1,
        1,
        null,
        1,
        1,
        null,
        null,
        null
      ],
      "/Users/laurenbillington/turing/3module/projects/rails_engine/app/controllers/api/v1/merchants/favorite_customer_controller.rb": [
        1,
        null,
        1,
        1,
        null,
        null,
        null
      ],
      "/Users/laurenbillington/turing/3module/projects/rails_engine/app/serializers/customer_serializer.rb": [
        1,
        1,
        null
      ],
      "/Users/laurenbillington/turing/3module/projects/rails_engine/app/controllers/api/v1/customers/random_controller.rb": [
        1,
        null,
        1,
        1,
        null,
        null,
        null
      ],
      "/Users/laurenbillington/turing/3module/projects/rails_engine/app/controllers/api/v1/customers/customer_invoices_controller.rb": [
        1,
        null,
        1,
        1,
        null,
        null,
        null
      ],
      "/Users/laurenbillington/turing/3module/projects/rails_engine/app/serializers/invoice_serializer.rb": [
        1,
        1,
        null
      ],
      "/Users/laurenbillington/turing/3module/projects/rails_engine/app/controllers/api/v1/customers/customer_transactions_controller.rb": [
        1,
        null,
        1,
        1,
        null,
        null,
        null
      ],
      "/Users/laurenbillington/turing/3module/projects/rails_engine/app/serializers/transaction_serializer.rb": [
        1,
        1,
        null
      ],
      "/Users/laurenbillington/turing/3module/projects/rails_engine/app/controllers/api/v1/customers/search_controller.rb": [
        1,
        null,
        1,
        4,
        null,
        null,
        1,
        4,
        null,
        null,
        null,
        1,
        null,
        1,
        16,
        null,
        null
      ],
      "/Users/laurenbillington/turing/3module/projects/rails_engine/app/controllers/api/v1/customers_controller.rb": [
        1,
        null,
        1,
        1,
        null,
        null,
        1,
        1,
        null,
        null,
        null
      ],
      "/Users/laurenbillington/turing/3module/projects/rails_engine/app/controllers/api/v1/invoice_items/search_controller.rb": [
        1,
        null,
        1,
        null,
        6,
        null,
        null,
        1,
        6,
        null,
        null,
        null,
        1,
        null,
        1,
        12,
        12,
        null,
        null
      ],
      "/Users/laurenbillington/turing/3module/projects/rails_engine/app/serializers/invoice_item_serializer.rb": [
        1,
        1,
        null,
        1,
        31,
        null,
        null,
        null
      ],
      "/Users/laurenbillington/turing/3module/projects/rails_engine/app/controllers/api/v1/invoice_items_controller.rb": [
        1,
        1,
        1,
        null,
        null,
        1,
        1,
        null,
        null,
        null,
        null
      ],
      "/Users/laurenbillington/turing/3module/projects/rails_engine/app/controllers/api/v1/invoice_items/random_controller.rb": [
        1,
        null,
        1,
        1,
        null,
        null,
        null
      ],
      "/Users/laurenbillington/turing/3module/projects/rails_engine/app/controllers/api/v1/invoice_items/invoice_controller.rb": [
        1,
        null,
        1,
        1,
        null,
        null,
        null
      ],
      "/Users/laurenbillington/turing/3module/projects/rails_engine/app/controllers/api/v1/invoice_items/item_controller.rb": [
        1,
        null,
        1,
        1,
        null,
        null,
        null
      ],
      "/Users/laurenbillington/turing/3module/projects/rails_engine/app/controllers/api/v1/invoices/search_controller.rb": [
        1,
        null,
        1,
        3,
        null,
        null,
        1,
        5,
        null,
        null,
        null,
        1,
        null,
        1,
        8,
        null,
        null
      ],
      "/Users/laurenbillington/turing/3module/projects/rails_engine/app/controllers/api/v1/invoices_controller.rb": [
        1,
        1,
        1,
        null,
        null,
        1,
        1,
        null,
        null,
        null,
        null
      ],
      "/Users/laurenbillington/turing/3module/projects/rails_engine/app/controllers/api/v1/invoices/random_controller.rb": [
        1,
        null,
        1,
        1,
        null,
        null,
        null
      ],
      "/Users/laurenbillington/turing/3module/projects/rails_engine/app/controllers/api/v1/invoices/transactions_controller.rb": [
        1,
        null,
        1,
        1,
        null,
        null,
        null
      ],
      "/Users/laurenbillington/turing/3module/projects/rails_engine/app/controllers/api/v1/invoices/some_invoice_items_controller.rb": [
        1,
        null,
        1,
        1,
        null,
        null,
        null
      ],
      "/Users/laurenbillington/turing/3module/projects/rails_engine/app/controllers/api/v1/invoices/some_items_controller.rb": [
        1,
        null,
        1,
        1,
        null,
        null,
        null
      ],
      "/Users/laurenbillington/turing/3module/projects/rails_engine/app/controllers/api/v1/invoices/customer_controller.rb": [
        1,
        null,
        1,
        1,
        null,
        null,
        null
      ],
      "/Users/laurenbillington/turing/3module/projects/rails_engine/app/controllers/api/v1/invoices/merchant_controller.rb": [
        1,
        null,
        1,
        1,
        null,
        null,
        null
      ],
      "/Users/laurenbillington/turing/3module/projects/rails_engine/app/serializers/merchant_serializer.rb": [
        1,
        1,
        null
      ],
      "/Users/laurenbillington/turing/3module/projects/rails_engine/app/controllers/api/v1/items/random_controller.rb": [
        1,
        null,
        1,
        1,
        null,
        null,
        null
      ],
      "/Users/laurenbillington/turing/3module/projects/rails_engine/app/controllers/api/v1/items/search_controller.rb": [
        1,
        null,
        1,
        4,
        null,
        null,
        1,
        null,
        4,
        null,
        null,
        null,
        null,
        1,
        null,
        1,
        8,
        8,
        null,
        null,
        null
      ],
      "/Users/laurenbillington/turing/3module/projects/rails_engine/app/controllers/api/v1/items_controller.rb": [
        1,
        null,
        1,
        1,
        null,
        null,
        1,
        1,
        null,
        null,
        null,
        null
      ],
      "/Users/laurenbillington/turing/3module/projects/rails_engine/app/controllers/api/v1/items/invoice_items_controller.rb": [
        1,
        null,
        1,
        1,
        null,
        null,
        null
      ],
      "/Users/laurenbillington/turing/3module/projects/rails_engine/app/controllers/api/v1/items/merchant_controller.rb": [
        1,
        null,
        1,
        1,
        null,
        null,
        null,
        null
      ],
      "/Users/laurenbillington/turing/3module/projects/rails_engine/app/controllers/api/v1/merchants/items_controller.rb": [
        1,
        null,
        1,
        1,
        null,
        null,
        null
      ],
      "/Users/laurenbillington/turing/3module/projects/rails_engine/app/controllers/api/v1/merchants/invoices_controller.rb": [
        1,
        null,
        1,
        1,
        null,
        null,
        null
      ],
      "/Users/laurenbillington/turing/3module/projects/rails_engine/app/controllers/api/v1/merchants/search_controller.rb": [
        1,
        null,
        1,
        3,
        null,
        null,
        1,
        3,
        null,
        null,
        1,
        null,
        1,
        null,
        null,
        null,
        null,
        12,
        null,
        null
      ],
      "/Users/laurenbillington/turing/3module/projects/rails_engine/app/controllers/api/v1/merchants_controller.rb": [
        1,
        null,
        1,
        1,
        null,
        null,
        1,
        1,
        null,
        null,
        null
      ],
      "/Users/laurenbillington/turing/3module/projects/rails_engine/app/controllers/api/v1/merchants/random_controller.rb": [
        1,
        null,
        1,
        1,
        null,
        null,
        null
      ],
      "/Users/laurenbillington/turing/3module/projects/rails_engine/app/controllers/api/v1/transactions/search_controller.rb": [
        1,
        null,
        1,
        5,
        null,
        null,
        1,
        5,
        null,
        null,
        1,
        null,
        1,
        10,
        null,
        null,
        null,
        null
      ],
      "/Users/laurenbillington/turing/3module/projects/rails_engine/app/controllers/api/v1/transactions_controller.rb": [
        1,
        null,
        1,
        1,
        null,
        null,
        1,
        1,
        null,
        null,
        null
      ],
      "/Users/laurenbillington/turing/3module/projects/rails_engine/app/controllers/api/v1/transactions/random_controller.rb": [
        1,
        null,
        1,
        1,
        null,
        null,
        null
      ],
      "/Users/laurenbillington/turing/3module/projects/rails_engine/app/controllers/api/v1/transactions/invoice_controller.rb": [
        1,
        null,
        1,
        1,
        null,
        null,
        null
      ],
      "/Users/laurenbillington/turing/3module/projects/rails_engine/app/serializers/total_revenue_serializer.rb": [
        0,
        0,
        null,
        0,
        0,
        0,
        null,
        0
      ],
      "/Users/laurenbillington/turing/3module/projects/rails_engine/app/controllers/api/v1/customers/favorite_merchant_controller.rb": [
        0,
        null,
        0,
        0,
        0,
        null,
        null,
        0
      ],
      "/Users/laurenbillington/turing/3module/projects/rails_engine/app/controllers/api/v1/merchants/most_items_controller.rb": [
        0,
        null,
        0,
        0,
        0,
        0,
        null,
        null,
        0
      ],
      "/Users/laurenbillington/turing/3module/projects/rails_engine/app/controllers/api/v1/merchants/revenue_controller.rb": [
        0,
        null,
        0,
        0,
        0,
        0,
        null,
        0,
        null,
        0
      ],
      "/Users/laurenbillington/turing/3module/projects/rails_engine/app/controllers/api/v1/merchants/pending_invoices_controller.rb": [
        0,
        null,
        0,
        0,
        0,
        null,
        0
      ],
      "/Users/laurenbillington/turing/3module/projects/rails_engine/app/controllers/api/v1/merchants/most_revenue_controller.rb": [
        0,
        null,
        0,
        0,
        0,
        0,
        null,
        null,
        0
      ]
    },
    "timestamp": 1516938948
  }
}
